[1.716s] DEBUG:colcon:Command line arguments: ['/home/hema/.local/bin/colcon', 'list', '-p', '--base-paths', '/home/hema/Desktop/work/fastrtps/images/fastrtps']
[1.716s] DEBUG:colcon:Parsed command line arguments: Namespace(base_paths=['/home/hema/Desktop/work/fastrtps/images/fastrtps'], build_base='build', ignore_user_meta=False, log_base=None, log_level=None, main=<bound method ListVerb.main of <colcon_package_information.verb.list.ListVerb object at 0x7fe4116e7d68>>, metas=['./colcon.meta'], names_only=False, packages_above=None, packages_above_depth=None, packages_end=None, packages_ignore=None, packages_ignore_regex=None, packages_select=None, packages_select_build_failed=False, packages_select_by_dep=None, packages_select_regex=None, packages_select_test_failures=False, packages_skip=None, packages_skip_build_finished=False, packages_skip_by_dep=None, packages_skip_regex=None, packages_skip_test_passed=False, packages_skip_up_to=None, packages_start=None, packages_up_to=None, paths=None, paths_only=True, topological_order=False, verb_extension=<colcon_package_information.verb.list.ListVerb object at 0x7fe4116e7d68>, verb_name='list', verb_parser=<colcon_defaults.argument_parser.defaults.DefaultArgumentsDecorator object at 0x7fe4116efdd8>)
[1.955s] Level 1:colcon.colcon_core.package_discovery:discover_packages(colcon_meta) check parameters
[1.955s] Level 1:colcon.colcon_core.package_discovery:discover_packages(recursive) check parameters
[1.955s] Level 1:colcon.colcon_core.package_discovery:discover_packages(ignore) check parameters
[1.955s] Level 1:colcon.colcon_core.package_discovery:discover_packages(path) check parameters
[1.955s] Level 1:colcon.colcon_core.package_discovery:discover_packages(recursive) discover
[1.955s] INFO:colcon.colcon_core.package_discovery:Crawling recursively for packages in '/home/hema/Desktop/work/fastrtps/images/fastrtps'
[1.956s] Level 1:colcon.colcon_core.package_identification:_identify(/home/hema/Desktop/work/fastrtps/images/fastrtps) by extensions ['ignore', 'ignore_ament_install']
[1.956s] Level 1:colcon.colcon_core.package_identification:_identify(/home/hema/Desktop/work/fastrtps/images/fastrtps) by extension 'ignore'
[1.956s] Level 1:colcon.colcon_core.package_identification:_identify(/home/hema/Desktop/work/fastrtps/images/fastrtps) by extension 'ignore_ament_install'
[1.956s] Level 1:colcon.colcon_core.package_identification:_identify(/home/hema/Desktop/work/fastrtps/images/fastrtps) by extensions ['colcon_pkg']
[1.956s] Level 1:colcon.colcon_core.package_identification:_identify(/home/hema/Desktop/work/fastrtps/images/fastrtps) by extension 'colcon_pkg'
[1.956s] Level 1:colcon.colcon_core.package_identification:_identify(/home/hema/Desktop/work/fastrtps/images/fastrtps) by extensions ['colcon_meta']
[1.956s] Level 1:colcon.colcon_core.package_identification:_identify(/home/hema/Desktop/work/fastrtps/images/fastrtps) by extension 'colcon_meta'
[1.956s] Level 1:colcon.colcon_core.package_identification:_identify(/home/hema/Desktop/work/fastrtps/images/fastrtps) by extensions ['ros']
[1.956s] Level 1:colcon.colcon_core.package_identification:_identify(/home/hema/Desktop/work/fastrtps/images/fastrtps) by extension 'ros'
[1.973s] Level 1:colcon.colcon_core.package_identification:_identify(/home/hema/Desktop/work/fastrtps/images/fastrtps) by extensions ['cmake', 'python']
[1.973s] Level 1:colcon.colcon_core.package_identification:_identify(/home/hema/Desktop/work/fastrtps/images/fastrtps) by extension 'cmake'
[1.974s] Level 1:colcon.colcon_core.package_identification:_identify(/home/hema/Desktop/work/fastrtps/images/fastrtps) by extension 'python'
[1.974s] Level 1:colcon.colcon_core.package_identification:_identify(/home/hema/Desktop/work/fastrtps/images/fastrtps) by extensions ['python_setup_py']
[1.974s] Level 1:colcon.colcon_core.package_identification:_identify(/home/hema/Desktop/work/fastrtps/images/fastrtps) by extension 'python_setup_py'
[1.974s] Level 1:colcon.colcon_core.package_identification:_identify(/home/hema/Desktop/work/fastrtps/images/fastrtps/log) by extensions ['ignore', 'ignore_ament_install']
[1.974s] Level 1:colcon.colcon_core.package_identification:_identify(/home/hema/Desktop/work/fastrtps/images/fastrtps/log) by extension 'ignore'
[1.974s] Level 1:colcon.colcon_core.package_identification:_identify(/home/hema/Desktop/work/fastrtps/images/fastrtps/log) ignored
[1.975s] Level 1:colcon.colcon_core.package_discovery:discover_packages(recursive) using defaults
